<?xml version="1.0" encoding="UTF-8"?>
<!-- Generated by org.testng.reporters.JUnitReportReporter -->
<testsuite hostname="ASSF-60313MV-LX" name="acn.test.GoogleTest" tests="1" failures="0" timestamp="6 Apr 2017 09:19:48 GMT" time="48.593" errors="0">
  <testcase name="testCase_1_Chrome" time="48.593" classname="acn.test.GoogleTest"/>
</testsuite> <!-- acn.test.GoogleTest -->
