<?xml version="1.0" encoding="UTF-8"?>
<!-- Generated by org.testng.reporters.JUnitReportReporter -->
<testsuite skipped="0" hostname="ASSF-60313MV-LX" name="acn.test.GoogleTest" tests="1" failures="0" timestamp="06 Apr 2017 06:28:08 GMT" time="43.815" errors="0">
  <testcase name="testCase_1_Chrome" time="43.815" classname="acn.test.GoogleTest"/>
</testsuite> <!-- acn.test.GoogleTest -->
